
**** Build of configuration Debug for project MSP432_Swarm_CCS ****

"C:\\ti\\ccsv6\\utils\\bin\\gmake" -k all 
'Building file: ../main.cpp'
'Invoking: MSP432 Compiler'
"C:/ti/ccsv6/tools/compiler/ti-cgt-arm_5.2.2/bin/armcl" -mv7M4 --code_state=16 --float_support=FPv4SPD16 --abi=eabi -me --include_path="C:/ti/ccsv6/ccs_base/arm/include" --include_path="C:/ti/ccsv6/tools/compiler/ti-cgt-arm_5.2.2/include" --include_path="C:/ti/ccsv6/ccs_base/arm/include/CMSIS" -g --gcc --define=__MSP432P401R__ --define=TARGET_IS_MSP432P4XX --define=ccs --display_error_number --diag_warning=225 --diag_wrap=off --preproc_with_compile --preproc_dependency="main.pp" --extern_c_can_throw  "../main.cpp"
warning #24017-D: Option --extern_c_can_throw is not valid without --exceptions (ignored)
'Finished building: ../main.cpp'
' '
'Building file: ../msp432_startup_ccs.c'
'Invoking: MSP432 Compiler'
"C:/ti/ccsv6/tools/compiler/ti-cgt-arm_5.2.2/bin/armcl" -mv7M4 --code_state=16 --float_support=FPv4SPD16 --abi=eabi -me --include_path="C:/ti/ccsv6/ccs_base/arm/include" --include_path="C:/ti/ccsv6/tools/compiler/ti-cgt-arm_5.2.2/include" --include_path="C:/ti/ccsv6/ccs_base/arm/include/CMSIS" --advice:power=all -g --gcc --define=__MSP432P401R__ --define=TARGET_IS_MSP432P4XX --define=ccs --display_error_number --diag_warning=225 --diag_wrap=off --preproc_with_compile --preproc_dependency="msp432_startup_ccs.pp"  "../msp432_startup_ccs.c"
"../msp432_startup_ccs.c", line 197: remark #1527-D: (ULP 2.1) Detected SW delay loop using empty loop. Recommend using a timer module instead
"../msp432_startup_ccs.c", line 209: remark #1527-D: (ULP 2.1) Detected SW delay loop using empty loop. Recommend using a timer module instead
"../msp432_startup_ccs.c", line 221: remark #1527-D: (ULP 2.1) Detected SW delay loop using empty loop. Recommend using a timer module instead
'Finished building: ../msp432_startup_ccs.c'
' '
'Building file: ../UART/UART_A0.cpp'
'Invoking: MSP432 Compiler'
"C:/ti/ccsv6/tools/compiler/ti-cgt-arm_5.2.2/bin/armcl" -mv7M4 --code_state=16 --float_support=FPv4SPD16 --abi=eabi -me --include_path="C:/ti/ccsv6/ccs_base/arm/include" --include_path="C:/ti/ccsv6/tools/compiler/ti-cgt-arm_5.2.2/include" --include_path="C:/ti/ccsv6/ccs_base/arm/include/CMSIS" --advice:power=all -g --gcc --define=__MSP432P401R__ --define=TARGET_IS_MSP432P4XX --define=ccs --display_error_number --diag_warning=225 --diag_wrap=off --preproc_with_compile --preproc_dependency="UART/UART_A0.pp" --obj_directory="UART" --extern_c_can_throw  "../UART/UART_A0.cpp"
warning #24017-D: Option --extern_c_can_throw is not valid without --exceptions (ignored)
"../UART/UART_A0.cpp", line 8: remark #1528-D: (ULP 3.1) Detected flag polling using UCA0IFG. Recommend using an interrupt combined with enter LPMx and ISR
'Finished building: ../UART/UART_A0.cpp'
' '
'Building file: ../IMU/I2Cdev.cpp'
'Invoking: MSP432 Compiler'
"C:/ti/ccsv6/tools/compiler/ti-cgt-arm_5.2.2/bin/armcl" -mv7M4 --code_state=16 --float_support=FPv4SPD16 --abi=eabi -me --include_path="C:/ti/ccsv6/ccs_base/arm/include" --include_path="C:/ti/ccsv6/tools/compiler/ti-cgt-arm_5.2.2/include" --include_path="C:/ti/ccsv6/ccs_base/arm/include/CMSIS" --advice:power=all -g --gcc --define=__MSP432P401R__ --define=TARGET_IS_MSP432P4XX --define=ccs --display_error_number --diag_warning=225 --diag_wrap=off --preproc_with_compile --preproc_dependency="IMU/I2Cdev.pp" --obj_directory="IMU" --extern_c_can_throw  "../IMU/I2Cdev.cpp"
warning #24017-D: Option --extern_c_can_throw is not valid without --exceptions (ignored)
"../IMU/I2Cdev.cpp", line 49: remark #2623-D: (ULP 5.4) Detected an assignment to a type with size less than int. To avoid unnecessary sign extension, use int-sized types for local varaibles and convert to smaller types for static storage.
"../IMU/I2Cdev.cpp", line 64: remark #2623-D: (ULP 5.4) Detected an assignment to a type with size less than int. To avoid unnecessary sign extension, use int-sized types for local varaibles and convert to smaller types for static storage.
"../IMU/I2Cdev.cpp", line 85: remark #2623-D: (ULP 5.4) Detected an assignment to a type with size less than int. To avoid unnecessary sign extension, use int-sized types for local varaibles and convert to smaller types for static storage.
"../IMU/I2Cdev.cpp", line 87: remark #2623-D: (ULP 5.4) Detected an assignment to a type with size less than int. To avoid unnecessary sign extension, use int-sized types for local varaibles and convert to smaller types for static storage.
"../IMU/I2Cdev.cpp", line 88: remark #2623-D: (ULP 5.4) Detected an assignment to a type with size less than int. To avoid unnecessary sign extension, use int-sized types for local varaibles and convert to smaller types for static storage.
"../IMU/I2Cdev.cpp", line 87: remark #2623-D: (ULP 5.4) Detected an assignment to a type with size less than int. To avoid unnecessary sign extension, use int-sized types for local varaibles and convert to smaller types for static storage.
"../IMU/I2Cdev.cpp", line 88: remark #2623-D: (ULP 5.4) Detected an assignment to a type with size less than int. To avoid unnecessary sign extension, use int-sized types for local varaibles and convert to smaller types for static storage.
"../IMU/I2Cdev.cpp", line 111: remark #2623-D: (ULP 5.4) Detected an assignment to a type with size less than int. To avoid unnecessary sign extension, use int-sized types for local varaibles and convert to smaller types for static storage.
"../IMU/I2Cdev.cpp", line 113: remark #2623-D: (ULP 5.4) Detected an assignment to a type with size less than int. To avoid unnecessary sign extension, use int-sized types for local varaibles and convert to smaller types for static storage.
"../IMU/I2Cdev.cpp", line 114: remark #2623-D: (ULP 5.4) Detected an assignment to a type with size less than int. To avoid unnecessary sign extension, use int-sized types for local varaibles and convert to smaller types for static storage.
"../IMU/I2Cdev.cpp", line 113: remark #2623-D: (ULP 5.4) Detected an assignment to a type with size less than int. To avoid unnecessary sign extension, use int-sized types for local varaibles and convert to smaller types for static storage.
"../IMU/I2Cdev.cpp", line 114: remark #2623-D: (ULP 5.4) Detected an assignment to a type with size less than int. To avoid unnecessary sign extension, use int-sized types for local varaibles and convert to smaller types for static storage.
"../IMU/I2Cdev.cpp", line 176: remark #1528-D: (ULP 3.1) Detected flag polling using UCB0IFG. Recommend using an interrupt combined with enter LPMx and ISR
"../IMU/I2Cdev.cpp", line 178: remark #1528-D: (ULP 3.1) Detected flag polling using UCB0IFG. Recommend using an interrupt combined with enter LPMx and ISR
"../IMU/I2Cdev.cpp", line 184: remark #1528-D: (ULP 3.1) Detected flag polling using UCB0IFG. Recommend using an interrupt combined with enter LPMx and ISR
"../IMU/I2Cdev.cpp", line 186: remark #1528-D: (ULP 3.1) Detected flag polling using UCB0IFG. Recommend using an interrupt combined with enter LPMx and ISR
"../IMU/I2Cdev.cpp", line 174: remark #1527-D: (ULP 2.1) Detected SW delay loop using empty loop. Recommend using a timer module instead
"../IMU/I2Cdev.cpp", line 181: remark #1527-D: (ULP 2.1) Detected SW delay loop using empty loop. Recommend using a timer module instead
"../IMU/I2Cdev.cpp", line 190: remark #2623-D: (ULP 5.4) Detected an assignment to a type with size less than int. To avoid unnecessary sign extension, use int-sized types for local varaibles and convert to smaller types for static storage.
"../IMU/I2Cdev.cpp", line 205: remark #2623-D: (ULP 5.4) Detected an assignment to a type with size less than int. To avoid unnecessary sign extension, use int-sized types for local varaibles and convert to smaller types for static storage.
"../IMU/I2Cdev.cpp", line 206: remark #2623-D: (ULP 5.4) Detected an assignment to a type with size less than int. To avoid unnecessary sign extension, use int-sized types for local varaibles and convert to smaller types for static storage.
"../IMU/I2Cdev.cpp", line 219: remark #2623-D: (ULP 5.4) Detected an assignment to a type with size less than int. To avoid unnecessary sign extension, use int-sized types for local varaibles and convert to smaller types for static storage.
"../IMU/I2Cdev.cpp", line 220: remark #2623-D: (ULP 5.4) Detected an assignment to a type with size less than int. To avoid unnecessary sign extension, use int-sized types for local varaibles and convert to smaller types for static storage.
"../IMU/I2Cdev.cpp", line 241: remark #2623-D: (ULP 5.4) Detected an assignment to a type with size less than int. To avoid unnecessary sign extension, use int-sized types for local varaibles and convert to smaller types for static storage.
"../IMU/I2Cdev.cpp", line 243: remark #2623-D: (ULP 5.4) Detected an assignment to a type with size less than int. To avoid unnecessary sign extension, use int-sized types for local varaibles and convert to smaller types for static storage.
"../IMU/I2Cdev.cpp", line 244: remark #2623-D: (ULP 5.4) Detected an assignment to a type with size less than int. To avoid unnecessary sign extension, use int-sized types for local varaibles and convert to smaller types for static storage.
"../IMU/I2Cdev.cpp", line 245: remark #2623-D: (ULP 5.4) Detected an assignment to a type with size less than int. To avoid unnecessary sign extension, use int-sized types for local varaibles and convert to smaller types for static storage.
"../IMU/I2Cdev.cpp", line 246: remark #2623-D: (ULP 5.4) Detected an assignment to a type with size less than int. To avoid unnecessary sign extension, use int-sized types for local varaibles and convert to smaller types for static storage.
"../IMU/I2Cdev.cpp", line 243: remark #2623-D: (ULP 5.4) Detected an assignment to a type with size less than int. To avoid unnecessary sign extension, use int-sized types for local varaibles and convert to smaller types for static storage.
"../IMU/I2Cdev.cpp", line 244: remark #2623-D: (ULP 5.4) Detected an assignment to a type with size less than int. To avoid unnecessary sign extension, use int-sized types for local varaibles and convert to smaller types for static storage.
"../IMU/I2Cdev.cpp", line 245: remark #2623-D: (ULP 5.4) Detected an assignment to a type with size less than int. To avoid unnecessary sign extension, use int-sized types for local varaibles and convert to smaller types for static storage.
"../IMU/I2Cdev.cpp", line 246: remark #2623-D: (ULP 5.4) Detected an assignment to a type with size less than int. To avoid unnecessary sign extension, use int-sized types for local varaibles and convert to smaller types for static storage.
"../IMU/I2Cdev.cpp", line 270: remark #2623-D: (ULP 5.4) Detected an assignment to a type with size less than int. To avoid unnecessary sign extension, use int-sized types for local varaibles and convert to smaller types for static storage.
"../IMU/I2Cdev.cpp", line 272: remark #2623-D: (ULP 5.4) Detected an assignment to a type with size less than int. To avoid unnecessary sign extension, use int-sized types for local varaibles and convert to smaller types for static storage.
"../IMU/I2Cdev.cpp", line 273: remark #2623-D: (ULP 5.4) Detected an assignment to a type with size less than int. To avoid unnecessary sign extension, use int-sized types for local varaibles and convert to smaller types for static storage.
"../IMU/I2Cdev.cpp", line 274: remark #2623-D: (ULP 5.4) Detected an assignment to a type with size less than int. To avoid unnecessary sign extension, use int-sized types for local varaibles and convert to smaller types for static storage.
"../IMU/I2Cdev.cpp", line 275: remark #2623-D: (ULP 5.4) Detected an assignment to a type with size less than int. To avoid unnecessary sign extension, use int-sized types for local varaibles and convert to smaller types for static storage.
"../IMU/I2Cdev.cpp", line 272: remark #2623-D: (ULP 5.4) Detected an assignment to a type with size less than int. To avoid unnecessary sign extension, use int-sized types for local varaibles and convert to smaller types for static storage.
"../IMU/I2Cdev.cpp", line 273: remark #2623-D: (ULP 5.4) Detected an assignment to a type with size less than int. To avoid unnecessary sign extension, use int-sized types for local varaibles and convert to smaller types for static storage.
"../IMU/I2Cdev.cpp", line 274: remark #2623-D: (ULP 5.4) Detected an assignment to a type with size less than int. To avoid unnecessary sign extension, use int-sized types for local varaibles and convert to smaller types for static storage.
"../IMU/I2Cdev.cpp", line 275: remark #2623-D: (ULP 5.4) Detected an assignment to a type with size less than int. To avoid unnecessary sign extension, use int-sized types for local varaibles and convert to smaller types for static storage.
"../IMU/I2Cdev.cpp", line 289: remark #2623-D: (ULP 5.4) Detected an assignment to a type with size less than int. To avoid unnecessary sign extension, use int-sized types for local varaibles and convert to smaller types for static storage.
"../IMU/I2Cdev.cpp", line 299: remark #2623-D: (ULP 5.4) Detected an assignment to a type with size less than int. To avoid unnecessary sign extension, use int-sized types for local varaibles and convert to smaller types for static storage.
"../IMU/I2Cdev.cpp", line 321: warning #238-D: controlling expression is constant
"../IMU/I2Cdev.cpp", line 322: warning #112-D: statement is unreachable
"../IMU/I2Cdev.cpp", line 330: warning #238-D: controlling expression is constant
"../IMU/I2Cdev.cpp", line 331: warning #112-D: statement is unreachable
"../IMU/I2Cdev.cpp", line 321: remark #1527-D: (ULP 2.1) Detected SW delay loop using empty loop. Recommend using a timer module instead
"../IMU/I2Cdev.cpp", line 330: remark #1527-D: (ULP 2.1) Detected SW delay loop using empty loop. Recommend using a timer module instead
"../IMU/I2Cdev.cpp", line 325: remark #2623-D: (ULP 5.4) Detected an assignment to a type with size less than int. To avoid unnecessary sign extension, use int-sized types for local varaibles and convert to smaller types for static storage.
"../IMU/I2Cdev.cpp", line 350: remark #1528-D: (ULP 3.1) Detected flag polling using UCB0IFG. Recommend using an interrupt combined with enter LPMx and ISR
"../IMU/I2Cdev.cpp", line 355: remark #1528-D: (ULP 3.1) Detected flag polling using UCB0IFG. Recommend using an interrupt combined with enter LPMx and ISR
"../IMU/I2Cdev.cpp", line 357: remark #1528-D: (ULP 3.1) Detected flag polling using UCB0IFG. Recommend using an interrupt combined with enter LPMx and ISR
"../IMU/I2Cdev.cpp", line 361: remark #1528-D: (ULP 3.1) Detected flag polling using UCB0IFG. Recommend using an interrupt combined with enter LPMx and ISR
"../IMU/I2Cdev.cpp", line 348: remark #1527-D: (ULP 2.1) Detected SW delay loop using empty loop. Recommend using a timer module instead
"../IMU/I2Cdev.cpp", line 356: remark #2623-D: (ULP 5.4) Detected an assignment to a type with size less than int. To avoid unnecessary sign extension, use int-sized types for local varaibles and convert to smaller types for static storage.
"../IMU/I2Cdev.cpp", line 354: remark #2623-D: (ULP 5.4) Detected an assignment to a type with size less than int. To avoid unnecessary sign extension, use int-sized types for local varaibles and convert to smaller types for static storage.
'Finished building: ../IMU/I2Cdev.cpp'
' '
'Building file: ../IMU/MPU6050.cpp'
'Invoking: MSP432 Compiler'
"C:/ti/ccsv6/tools/compiler/ti-cgt-arm_5.2.2/bin/armcl" -mv7M4 --code_state=16 --float_support=FPv4SPD16 --abi=eabi -me --include_path="C:/ti/ccsv6/ccs_base/arm/include" --include_path="C:/ti/ccsv6/tools/compiler/ti-cgt-arm_5.2.2/include" --include_path="C:/ti/ccsv6/ccs_base/arm/include/CMSIS" --advice:power=all -g --gcc --define=__MSP432P401R__ --define=TARGET_IS_MSP432P4XX --define=ccs --display_error_number --diag_warning=225 --diag_wrap=off --preproc_with_compile --preproc_dependency="IMU/MPU6050.pp" --obj_directory="IMU" --extern_c_can_throw  "../IMU/MPU6050.cpp"
warning #24017-D: Option --extern_c_can_throw is not valid without --exceptions (ignored)
"../IMU/MPU6050.cpp", line 2946: remark #2623-D: (ULP 5.4) Detected an assignment to a type with size less than int. To avoid unnecessary sign extension, use int-sized types for local varaibles and convert to smaller types for static storage.
"../IMU/MPU6050.cpp", line 2947: remark #2623-D: (ULP 5.4) Detected an assignment to a type with size less than int. To avoid unnecessary sign extension, use int-sized types for local varaibles and convert to smaller types for static storage.
"../IMU/MPU6050.cpp", line 2948: remark #2623-D: (ULP 5.4) Detected an assignment to a type with size less than int. To avoid unnecessary sign extension, use int-sized types for local varaibles and convert to smaller types for static storage.
"../IMU/MPU6050.cpp", line 2976: remark #2623-D: (ULP 5.4) Detected an assignment to a type with size less than int. To avoid unnecessary sign extension, use int-sized types for local varaibles and convert to smaller types for static storage.
"../IMU/MPU6050.cpp", line 2979: remark #2623-D: (ULP 5.4) Detected an assignment to a type with size less than int. To avoid unnecessary sign extension, use int-sized types for local varaibles and convert to smaller types for static storage.
"../IMU/MPU6050.cpp", line 2985: remark #2623-D: (ULP 5.4) Detected an assignment to a type with size less than int. To avoid unnecessary sign extension, use int-sized types for local varaibles and convert to smaller types for static storage.
"../IMU/MPU6050.cpp", line 2988: remark #2623-D: (ULP 5.4) Detected an assignment to a type with size less than int. To avoid unnecessary sign extension, use int-sized types for local varaibles and convert to smaller types for static storage.
"../IMU/MPU6050.cpp", line 2992: remark #2623-D: (ULP 5.4) Detected an assignment to a type with size less than int. To avoid unnecessary sign extension, use int-sized types for local varaibles and convert to smaller types for static storage.
"../IMU/MPU6050.cpp", line 2976: remark #2623-D: (ULP 5.4) Detected an assignment to a type with size less than int. To avoid unnecessary sign extension, use int-sized types for local varaibles and convert to smaller types for static storage.
"../IMU/MPU6050.cpp", line 2979: remark #2623-D: (ULP 5.4) Detected an assignment to a type with size less than int. To avoid unnecessary sign extension, use int-sized types for local varaibles and convert to smaller types for static storage.
"../IMU/MPU6050.cpp", line 2985: remark #2623-D: (ULP 5.4) Detected an assignment to a type with size less than int. To avoid unnecessary sign extension, use int-sized types for local varaibles and convert to smaller types for static storage.
"../IMU/MPU6050.cpp", line 2988: remark #2623-D: (ULP 5.4) Detected an assignment to a type with size less than int. To avoid unnecessary sign extension, use int-sized types for local varaibles and convert to smaller types for static storage.
"../IMU/MPU6050.cpp", line 2992: remark #2623-D: (ULP 5.4) Detected an assignment to a type with size less than int. To avoid unnecessary sign extension, use int-sized types for local varaibles and convert to smaller types for static storage.
"../IMU/MPU6050.cpp", line 3013: remark #2623-D: (ULP 5.4) Detected an assignment to a type with size less than int. To avoid unnecessary sign extension, use int-sized types for local varaibles and convert to smaller types for static storage.
"../IMU/MPU6050.cpp", line 3016: remark #2623-D: (ULP 5.4) Detected an assignment to a type with size less than int. To avoid unnecessary sign extension, use int-sized types for local varaibles and convert to smaller types for static storage.
"../IMU/MPU6050.cpp", line 3058: remark #2623-D: (ULP 5.4) Detected an assignment to a type with size less than int. To avoid unnecessary sign extension, use int-sized types for local varaibles and convert to smaller types for static storage.
"../IMU/MPU6050.cpp", line 3061: remark #2623-D: (ULP 5.4) Detected an assignment to a type with size less than int. To avoid unnecessary sign extension, use int-sized types for local varaibles and convert to smaller types for static storage.
"../IMU/MPU6050.cpp", line 3065: remark #2623-D: (ULP 5.4) Detected an assignment to a type with size less than int. To avoid unnecessary sign extension, use int-sized types for local varaibles and convert to smaller types for static storage.
"../IMU/MPU6050.cpp", line 3093: remark #2623-D: (ULP 5.4) Detected an assignment to a type with size less than int. To avoid unnecessary sign extension, use int-sized types for local varaibles and convert to smaller types for static storage.
"../IMU/MPU6050.cpp", line 3094: remark #2623-D: (ULP 5.4) Detected an assignment to a type with size less than int. To avoid unnecessary sign extension, use int-sized types for local varaibles and convert to smaller types for static storage.
"../IMU/MPU6050.cpp", line 3095: remark #2623-D: (ULP 5.4) Detected an assignment to a type with size less than int. To avoid unnecessary sign extension, use int-sized types for local varaibles and convert to smaller types for static storage.
"../IMU/MPU6050.cpp", line 3114: remark #2623-D: (ULP 5.4) Detected an assignment to a type with size less than int. To avoid unnecessary sign extension, use int-sized types for local varaibles and convert to smaller types for static storage.
"../IMU/MPU6050.cpp", line 3124: remark #2623-D: (ULP 5.4) Detected an assignment to a type with size less than int. To avoid unnecessary sign extension, use int-sized types for local varaibles and convert to smaller types for static storage.
'Finished building: ../IMU/MPU6050.cpp'
' '
'Building target: MSP432_Swarm_CCS.out'
'Invoking: MSP432 Linker'
"C:/ti/ccsv6/tools/compiler/ti-cgt-arm_5.2.2/bin/armcl" -mv7M4 --code_state=16 --float_support=FPv4SPD16 --abi=eabi -me --advice:power=all -g --gcc --define=__MSP432P401R__ --define=TARGET_IS_MSP432P4XX --define=ccs --display_error_number --diag_warning=225 --diag_wrap=off -z -m"MSP432_Swarm_CCS.map" --heap_size=1024 --stack_size=512 -i"C:/ti/ccsv6/ccs_base/arm/include" -i"C:/ti/ccsv6/tools/compiler/ti-cgt-arm_5.2.2/lib" -i"C:/ti/ccsv6/tools/compiler/ti-cgt-arm_5.2.2/include" --reread_libs --warn_sections --display_error_number --diag_wrap=off --xml_link_info="MSP432_Swarm_CCS_linkInfo.xml" --rom_model -o "MSP432_Swarm_CCS.out" "./main.obj" "./msp432_startup_ccs.obj" "./UART/UART_A0.obj" "./IMU/I2Cdev.obj" "./IMU/MPU6050.obj" "../msp432p401r.cmd"  -l"libc.a" 
<Linking>
remark #10371-D: (ULP 1.1) Detected no uses of low power mode state changing instructions
warning #10247-D: creating output section ".init_array" without a SECTIONS specification

 undefined         first referenced        
  symbol               in file             
 ---------         ----------------        
 eUSCIB0IsrHandler ./msp432_startup_ccs.obj


>> Compilation failure
error #10234-D: unresolved symbols remain
error #10010: errors encountered during linking; "MSP432_Swarm_CCS.out" not built
gmake: *** [MSP432_Swarm_CCS.out] Error 1
gmake: Target `all' not remade because of errors.

**** Build Finished ****

**** Build of configuration Debug for project MSP432_Swarm_CCS ****

"C:\\ti\\ccsv6\\utils\\bin\\gmake" -k all 
'Building file: ../msp432_startup_ccs.c'
'Invoking: MSP432 Compiler'
"C:/ti/ccsv6/tools/compiler/ti-cgt-arm_5.2.2/bin/armcl" -mv7M4 --code_state=16 --float_support=FPv4SPD16 --abi=eabi -me --include_path="C:/ti/ccsv6/ccs_base/arm/include" --include_path="C:/ti/ccsv6/tools/compiler/ti-cgt-arm_5.2.2/include" --include_path="C:/ti/ccsv6/ccs_base/arm/include/CMSIS" --advice:power=all -g --gcc --define=__MSP432P401R__ --define=TARGET_IS_MSP432P4XX --define=ccs --display_error_number --diag_warning=225 --diag_wrap=off --preproc_with_compile --preproc_dependency="msp432_startup_ccs.pp"  "../msp432_startup_ccs.c"
"../msp432_startup_ccs.c", line 197: remark #1527-D: (ULP 2.1) Detected SW delay loop using empty loop. Recommend using a timer module instead
"../msp432_startup_ccs.c", line 209: remark #1527-D: (ULP 2.1) Detected SW delay loop using empty loop. Recommend using a timer module instead
"../msp432_startup_ccs.c", line 221: remark #1527-D: (ULP 2.1) Detected SW delay loop using empty loop. Recommend using a timer module instead
'Finished building: ../msp432_startup_ccs.c'
' '
'Building target: MSP432_Swarm_CCS.out'
'Invoking: MSP432 Linker'
"C:/ti/ccsv6/tools/compiler/ti-cgt-arm_5.2.2/bin/armcl" -mv7M4 --code_state=16 --float_support=FPv4SPD16 --abi=eabi -me --advice:power=all -g --gcc --define=__MSP432P401R__ --define=TARGET_IS_MSP432P4XX --define=ccs --display_error_number --diag_warning=225 --diag_wrap=off -z -m"MSP432_Swarm_CCS.map" --heap_size=1024 --stack_size=512 -i"C:/ti/ccsv6/ccs_base/arm/include" -i"C:/ti/ccsv6/tools/compiler/ti-cgt-arm_5.2.2/lib" -i"C:/ti/ccsv6/tools/compiler/ti-cgt-arm_5.2.2/include" --reread_libs --warn_sections --display_error_number --diag_wrap=off --xml_link_info="MSP432_Swarm_CCS_linkInfo.xml" --rom_model -o "MSP432_Swarm_CCS.out" "./main.obj" "./msp432_startup_ccs.obj" "./UART/UART_A0.obj" "./IMU/I2Cdev.obj" "./IMU/MPU6050.obj" "../msp432p401r.cmd"  -l"libc.a" 
<Linking>
remark #10371-D: (ULP 1.1) Detected no uses of low power mode state changing instructions
warning #10247-D: creating output section ".init_array" without a SECTIONS specification
'Finished building target: MSP432_Swarm_CCS.out'
' '

**** Build Finished ****

**** Build of configuration Debug for project msp432p401_1 ****

"C:\\ti\\ccsv6\\utils\\bin\\gmake" -k all 
gmake: Nothing to be done for `all'.

**** Build Finished ****

**** Build of configuration Debug for project MSP432_Swarm_CCS ****

"C:\\ti\\ccsv6\\utils\\bin\\gmake" -k all 
'Building file: ../main.cpp'
'Invoking: MSP432 Compiler'
"C:/ti/ccsv6/tools/compiler/ti-cgt-arm_5.2.2/bin/armcl" -mv7M4 --code_state=16 --float_support=FPv4SPD16 --abi=eabi -me --include_path="C:/ti/ccsv6/ccs_base/arm/include" --include_path="C:/ti/ccsv6/tools/compiler/ti-cgt-arm_5.2.2/include" --include_path="C:/ti/ccsv6/ccs_base/arm/include/CMSIS" -g --gcc --define=__MSP432P401R__ --define=TARGET_IS_MSP432P4XX --define=ccs --display_error_number --diag_warning=225 --diag_wrap=off --preproc_with_compile --preproc_dependency="main.pp" --extern_c_can_throw  "../main.cpp"
warning #24017-D: Option --extern_c_can_throw is not valid without --exceptions (ignored)
'Finished building: ../main.cpp'
' '
'Building file: ../msp432_startup_ccs.c'
'Invoking: MSP432 Compiler'
"C:/ti/ccsv6/tools/compiler/ti-cgt-arm_5.2.2/bin/armcl" -mv7M4 --code_state=16 --float_support=FPv4SPD16 --abi=eabi -me --include_path="C:/ti/ccsv6/ccs_base/arm/include" --include_path="C:/ti/ccsv6/tools/compiler/ti-cgt-arm_5.2.2/include" --include_path="C:/ti/ccsv6/ccs_base/arm/include/CMSIS" --advice:power=all -g --gcc --define=__MSP432P401R__ --define=TARGET_IS_MSP432P4XX --define=ccs --display_error_number --diag_warning=225 --diag_wrap=off --preproc_with_compile --preproc_dependency="msp432_startup_ccs.pp"  "../msp432_startup_ccs.c"
"../msp432_startup_ccs.c", line 180: remark #1527-D: (ULP 2.1) Detected SW delay loop using empty loop. Recommend using a timer module instead
"../msp432_startup_ccs.c", line 192: remark #1527-D: (ULP 2.1) Detected SW delay loop using empty loop. Recommend using a timer module instead
"../msp432_startup_ccs.c", line 204: remark #1527-D: (ULP 2.1) Detected SW delay loop using empty loop. Recommend using a timer module instead
'Finished building: ../msp432_startup_ccs.c'
' '
'Building target: MSP432_Swarm_CCS.out'
'Invoking: MSP432 Linker'
"C:/ti/ccsv6/tools/compiler/ti-cgt-arm_5.2.2/bin/armcl" -mv7M4 --code_state=16 --float_support=FPv4SPD16 --abi=eabi -me --advice:power=all -g --gcc --define=__MSP432P401R__ --define=TARGET_IS_MSP432P4XX --define=ccs --display_error_number --diag_warning=225 --diag_wrap=off -z -m"MSP432_Swarm_CCS.map" --heap_size=1024 --stack_size=512 -i"C:/ti/ccsv6/ccs_base/arm/include" -i"C:/ti/ccsv6/tools/compiler/ti-cgt-arm_5.2.2/lib" -i"C:/ti/ccsv6/tools/compiler/ti-cgt-arm_5.2.2/include" --reread_libs --warn_sections --display_error_number --diag_wrap=off --xml_link_info="MSP432_Swarm_CCS_linkInfo.xml" --rom_model -o "MSP432_Swarm_CCS.out" "./main.obj" "./msp432_startup_ccs.obj" "./UART/UART_A0.obj" "./IMU/I2Cdev.obj" "./IMU/MPU6050.obj" "../msp432p401r.cmd"  -l"libc.a" 
<Linking>
warning #10247-D: creating output section ".init_array" without a SECTIONS specification
remark #10371-D: (ULP 1.1) Detected no uses of low power mode state changing instructions
'Finished building target: MSP432_Swarm_CCS.out'
' '

**** Build Finished ****

**** Build of configuration Debug for project msp432p401_1 ****

"C:\\ti\\ccsv6\\utils\\bin\\gmake" -k all 
gmake: Nothing to be done for `all'.

**** Build Finished ****

**** Build of configuration Debug for project MSP432_Swarm_CCS ****

"C:\\ti\\ccsv6\\utils\\bin\\gmake" -k all 
'Building file: ../msp432_startup_ccs.c'
'Invoking: MSP432 Compiler'
"C:/ti/ccsv6/tools/compiler/ti-cgt-arm_5.2.2/bin/armcl" -mv7M4 --code_state=16 --float_support=FPv4SPD16 --abi=eabi -me --include_path="C:/ti/ccsv6/ccs_base/arm/include" --include_path="C:/ti/ccsv6/tools/compiler/ti-cgt-arm_5.2.2/include" --include_path="C:/ti/ccsv6/ccs_base/arm/include/CMSIS" --advice:power=all -g --gcc --define=__MSP432P401R__ --define=TARGET_IS_MSP432P4XX --define=ccs --display_error_number --diag_warning=225 --diag_wrap=off --preproc_with_compile --preproc_dependency="msp432_startup_ccs.pp"  "../msp432_startup_ccs.c"
"../msp432_startup_ccs.c", line 180: remark #1527-D: (ULP 2.1) Detected SW delay loop using empty loop. Recommend using a timer module instead
"../msp432_startup_ccs.c", line 192: remark #1527-D: (ULP 2.1) Detected SW delay loop using empty loop. Recommend using a timer module instead
"../msp432_startup_ccs.c", line 204: remark #1527-D: (ULP 2.1) Detected SW delay loop using empty loop. Recommend using a timer module instead
"../msp432_startup_ccs.c", line 56: warning #2120-D: static function "eUSCIB0IsrHandler" treated as extern because it was referenced but not defined
'Finished building: ../msp432_startup_ccs.c'
' '
'Building target: MSP432_Swarm_CCS.out'
'Invoking: MSP432 Linker'
"C:/ti/ccsv6/tools/compiler/ti-cgt-arm_5.2.2/bin/armcl" -mv7M4 --code_state=16 --float_support=FPv4SPD16 --abi=eabi -me --advice:power=all -g --gcc --define=__MSP432P401R__ --define=TARGET_IS_MSP432P4XX --define=ccs --display_error_number --diag_warning=225 --diag_wrap=off -z -m"MSP432_Swarm_CCS.map" --heap_size=1024 --stack_size=512 -i"C:/ti/ccsv6/ccs_base/arm/include" -i"C:/ti/ccsv6/tools/compiler/ti-cgt-arm_5.2.2/lib" -i"C:/ti/ccsv6/tools/compiler/ti-cgt-arm_5.2.2/include" --reread_libs --warn_sections --display_error_number --diag_wrap=off --xml_link_info="MSP432_Swarm_CCS_linkInfo.xml" --rom_model -o "MSP432_Swarm_CCS.out" "./main.obj" "./msp432_startup_ccs.obj" "./UART/UART_A0.obj" "./IMU/I2Cdev.obj" "./IMU/MPU6050.obj" "../msp432p401r.cmd"  -l"libc.a" 
<Linking>
remark #10371-D: (ULP 1.1) Detected no uses of low power mode state changing instructions
warning #10247-D: creating output section ".init_array" without a SECTIONS specification

 undefined         first referenced        
  symbol               in file             

 ---------         ----------------        
>> Compilation failure
 eUSCIB0IsrHandler ./msp432_startup_ccs.obj

error #10234-D: unresolved symbols remain
error #10010: errors encountered during linking; "MSP432_Swarm_CCS.out" not built
gmake: *** [MSP432_Swarm_CCS.out] Error 1
gmake: Target `all' not remade because of errors.

**** Build Finished ****

**** Build of configuration Debug for project msp432p401_1 ****

"C:\\ti\\ccsv6\\utils\\bin\\gmake" -k all 
gmake: Nothing to be done for `all'.

**** Build Finished ****

**** Build of configuration Debug for project MSP432_Swarm_CCS ****

"C:\\ti\\ccsv6\\utils\\bin\\gmake" -k all 
'Building file: ../main.cpp'
'Invoking: MSP432 Compiler'
"C:/ti/ccsv6/tools/compiler/ti-cgt-arm_5.2.2/bin/armcl" -mv7M4 --code_state=16 --float_support=FPv4SPD16 --abi=eabi -me --include_path="C:/ti/ccsv6/ccs_base/arm/include" --include_path="C:/ti/ccsv6/tools/compiler/ti-cgt-arm_5.2.2/include" --include_path="C:/ti/ccsv6/ccs_base/arm/include/CMSIS" -g --gcc --define=__MSP432P401R__ --define=TARGET_IS_MSP432P4XX --define=ccs --display_error_number --diag_warning=225 --diag_wrap=off --preproc_with_compile --preproc_dependency="main.pp" --extern_c_can_throw  "../main.cpp"
warning #24017-D: Option --extern_c_can_throw is not valid without --exceptions (ignored)
'Finished building: ../main.cpp'
' '
'Building file: ../msp432_startup_ccs.c'
'Invoking: MSP432 Compiler'
"C:/ti/ccsv6/tools/compiler/ti-cgt-arm_5.2.2/bin/armcl" -mv7M4 --code_state=16 --float_support=FPv4SPD16 --abi=eabi -me --include_path="C:/ti/ccsv6/ccs_base/arm/include" --include_path="C:/ti/ccsv6/tools/compiler/ti-cgt-arm_5.2.2/include" --include_path="C:/ti/ccsv6/ccs_base/arm/include/CMSIS" --advice:power=all -g --gcc --define=__MSP432P401R__ --define=TARGET_IS_MSP432P4XX --define=ccs --display_error_number --diag_warning=225 --diag_wrap=off --preproc_with_compile --preproc_dependency="msp432_startup_ccs.pp"  "../msp432_startup_ccs.c"
"../msp432_startup_ccs.c", line 180: remark #1527-D: (ULP 2.1) Detected SW delay loop using empty loop. Recommend using a timer module instead
"../msp432_startup_ccs.c", line 192: remark #1527-D: (ULP 2.1) Detected SW delay loop using empty loop. Recommend using a timer module instead
"../msp432_startup_ccs.c", line 204: remark #1527-D: (ULP 2.1) Detected SW delay loop using empty loop. Recommend using a timer module instead
'Finished building: ../msp432_startup_ccs.c'
' '
'Building target: MSP432_Swarm_CCS.out'
'Invoking: MSP432 Linker'
"C:/ti/ccsv6/tools/compiler/ti-cgt-arm_5.2.2/bin/armcl" -mv7M4 --code_state=16 --float_support=FPv4SPD16 --abi=eabi -me --advice:power=all -g --gcc --define=__MSP432P401R__ --define=TARGET_IS_MSP432P4XX --define=ccs --display_error_number --diag_warning=225 --diag_wrap=off -z -m"MSP432_Swarm_CCS.map" --heap_size=1024 --stack_size=512 -i"C:/ti/ccsv6/ccs_base/arm/include" -i"C:/ti/ccsv6/tools/compiler/ti-cgt-arm_5.2.2/lib" -i"C:/ti/ccsv6/tools/compiler/ti-cgt-arm_5.2.2/include" --reread_libs --warn_sections --display_error_number --diag_wrap=off --xml_link_info="MSP432_Swarm_CCS_linkInfo.xml" --rom_model -o "MSP432_Swarm_CCS.out" "./main.obj" "./msp432_startup_ccs.obj" "./UART/UART_A0.obj" "./IMU/I2Cdev.obj" "./IMU/MPU6050.obj" "../msp432p401r.cmd"  -l"libc.a" 
<Linking>
warning #10247-D: creating output section ".init_array" without a SECTIONS specification
remark #10371-D: (ULP 1.1) Detected no uses of low power mode state changing instructions
'Finished building target: MSP432_Swarm_CCS.out'
' '

**** Build Finished ****

**** Build of configuration Debug for project msp432p401_1 ****

"C:\\ti\\ccsv6\\utils\\bin\\gmake" -k all 
gmake: Nothing to be done for `all'.

**** Build Finished ****

**** Build of configuration Debug for project MSP432_Swarm_CCS ****

"C:\\ti\\ccsv6\\utils\\bin\\gmake" -k all 
gmake: Nothing to be done for `all'.

**** Build Finished ****

**** Build of configuration Debug for project msp432p401_1 ****

"C:\\ti\\ccsv6\\utils\\bin\\gmake" -k all 
gmake: Nothing to be done for `all'.

**** Build Finished ****

**** Build of configuration Debug for project MSP432_Swarm_CCS ****

"C:\\ti\\ccsv6\\utils\\bin\\gmake" -k all 
gmake: Nothing to be done for `all'.

**** Build Finished ****

**** Build of configuration Debug for project MSP432_Swarm_CCS ****

"C:\\ti\\ccsv6\\utils\\bin\\gmake" -k all 
'Building file: ../msp432_startup_ccs.c'
'Invoking: MSP432 Compiler'
"C:/ti/ccsv6/tools/compiler/ti-cgt-arm_5.2.2/bin/armcl" -mv7M4 --code_state=16 --float_support=FPv4SPD16 --abi=eabi -me --include_path="C:/ti/ccsv6/ccs_base/arm/include" --include_path="C:/ti/ccsv6/tools/compiler/ti-cgt-arm_5.2.2/include" --include_path="C:/ti/ccsv6/ccs_base/arm/include/CMSIS" --advice:power=all -g --gcc --define=__MSP432P401R__ --define=TARGET_IS_MSP432P4XX --define=ccs --display_error_number --diag_warning=225 --diag_wrap=off --preproc_with_compile --preproc_dependency="msp432_startup_ccs.pp"  "../msp432_startup_ccs.c"
"../msp432_startup_ccs.c", line 180: remark #1527-D: (ULP 2.1) Detected SW delay loop using empty loop. Recommend using a timer module instead
"../msp432_startup_ccs.c", line 192: remark #1527-D: (ULP 2.1) Detected SW delay loop using empty loop. Recommend using a timer module instead
"../msp432_startup_ccs.c", line 204: remark #1527-D: (ULP 2.1) Detected SW delay loop using empty loop. Recommend using a timer module instead
'Finished building: ../msp432_startup_ccs.c'
' '
'Building target: MSP432_Swarm_CCS.out'
'Invoking: MSP432 Linker'
"C:/ti/ccsv6/tools/compiler/ti-cgt-arm_5.2.2/bin/armcl" -mv7M4 --code_state=16 --float_support=FPv4SPD16 --abi=eabi -me --advice:power=all -g --gcc --define=__MSP432P401R__ --define=TARGET_IS_MSP432P4XX --define=ccs --display_error_number --diag_warning=225 --diag_wrap=off -z -m"MSP432_Swarm_CCS.map" --heap_size=1024 --stack_size=512 -i"C:/ti/ccsv6/ccs_base/arm/include" -i"C:/ti/ccsv6/tools/compiler/ti-cgt-arm_5.2.2/lib" -i"C:/ti/ccsv6/tools/compiler/ti-cgt-arm_5.2.2/include" --reread_libs --warn_sections --display_error_number --diag_wrap=off --xml_link_info="MSP432_Swarm_CCS_linkInfo.xml" --rom_model -o "MSP432_Swarm_CCS.out" "./main.obj" "./msp432_startup_ccs.obj" "./UART/UART_A0.obj" "./IMU/I2Cdev.obj" "./IMU/MPU6050.obj" "../msp432p401r.cmd"  -l"libc.a" 
<Linking>
warning #10247-D: creating output section ".init_array" without a SECTIONS specification
remark #10371-D: (ULP 1.1) Detected no uses of low power mode state changing instructions
'Finished building target: MSP432_Swarm_CCS.out'
' '

**** Build Finished ****

**** Build of configuration Debug for project msp432p401_1 ****

"C:\\ti\\ccsv6\\utils\\bin\\gmake" -k all 
gmake: Nothing to be done for `all'.

**** Build Finished ****

**** Build of configuration Debug for project MSP432_Swarm_CCS ****

"C:\\ti\\ccsv6\\utils\\bin\\gmake" -k all 
gmake: Nothing to be done for `all'.

**** Build Finished ****

**** Build of configuration Debug for project MSP432_Swarm_CCS ****

"C:\\ti\\ccsv6\\utils\\bin\\gmake" -k all 
'Building file: ../msp432_startup_ccs.c'
'Invoking: MSP432 Compiler'
"C:/ti/ccsv6/tools/compiler/ti-cgt-arm_5.2.2/bin/armcl" -mv7M4 --code_state=16 --float_support=FPv4SPD16 --abi=eabi -me --include_path="C:/ti/ccsv6/ccs_base/arm/include" --include_path="C:/ti/ccsv6/tools/compiler/ti-cgt-arm_5.2.2/include" --include_path="C:/ti/ccsv6/ccs_base/arm/include/CMSIS" --advice:power=all -g --gcc --define=__MSP432P401R__ --define=TARGET_IS_MSP432P4XX --define=ccs --display_error_number --diag_warning=225 --diag_wrap=off --preproc_with_compile --preproc_dependency="msp432_startup_ccs.pp"  "../msp432_startup_ccs.c"
"../msp432_startup_ccs.c", line 180: remark #1527-D: (ULP 2.1) Detected SW delay loop using empty loop. Recommend using a timer module instead
"../msp432_startup_ccs.c", line 192: remark #1527-D: (ULP 2.1) Detected SW delay loop using empty loop. Recommend using a timer module instead
"../msp432_startup_ccs.c", line 204: remark #1527-D: (ULP 2.1) Detected SW delay loop using empty loop. Recommend using a timer module instead
"..\utils.h", line 6: warning #1-D: last line of file ends without a newline
'Finished building: ../msp432_startup_ccs.c'
' '
'Building target: MSP432_Swarm_CCS.out'
'Invoking: MSP432 Linker'
"C:/ti/ccsv6/tools/compiler/ti-cgt-arm_5.2.2/bin/armcl" -mv7M4 --code_state=16 --float_support=FPv4SPD16 --abi=eabi -me --advice:power=all -g --gcc --define=__MSP432P401R__ --define=TARGET_IS_MSP432P4XX --define=ccs --display_error_number --diag_warning=225 --diag_wrap=off -z -m"MSP432_Swarm_CCS.map" --heap_size=1024 --stack_size=512 -i"C:/ti/ccsv6/ccs_base/arm/include" -i"C:/ti/ccsv6/tools/compiler/ti-cgt-arm_5.2.2/lib" -i"C:/ti/ccsv6/tools/compiler/ti-cgt-arm_5.2.2/include" --reread_libs --warn_sections --display_error_number --diag_wrap=off --xml_link_info="MSP432_Swarm_CCS_linkInfo.xml" --rom_model -o "MSP432_Swarm_CCS.out" "./main.obj" "./msp432_startup_ccs.obj" "./UART/UART_A0.obj" "./IMU/I2Cdev.obj" "./IMU/MPU6050.obj" "../msp432p401r.cmd"  -l"libc.a" 
<Linking>
remark #10371-D: (ULP 1.1) Detected no uses of low power mode state changing instructions
warning #10247-D: creating output section ".init_array" without a SECTIONS specification
'Finished building target: MSP432_Swarm_CCS.out'
' '

**** Build Finished ****

**** Build of configuration Debug for project msp432p401_1 ****

"C:\\ti\\ccsv6\\utils\\bin\\gmake" -k all 
gmake: Nothing to be done for `all'.

**** Build Finished ****

**** Build of configuration Debug for project MSP432_Swarm_CCS ****

"C:\\ti\\ccsv6\\utils\\bin\\gmake" -k all 
'Building file: ../msp432_startup_ccs.c'
'Invoking: MSP432 Compiler'
"C:/ti/ccsv6/tools/compiler/ti-cgt-arm_5.2.2/bin/armcl" -mv7M4 --code_state=16 --float_support=FPv4SPD16 --abi=eabi -me --include_path="C:/ti/ccsv6/ccs_base/arm/include" --include_path="C:/ti/ccsv6/tools/compiler/ti-cgt-arm_5.2.2/include" --include_path="C:/ti/ccsv6/ccs_base/arm/include/CMSIS" --advice:power=all -g --gcc --define=__MSP432P401R__ --define=TARGET_IS_MSP432P4XX --define=ccs --display_error_number --diag_warning=225 --diag_wrap=off --preproc_with_compile --preproc_dependency="msp432_startup_ccs.pp"  "../msp432_startup_ccs.c"
"../msp432_startup_ccs.c", line 180: remark #1527-D: (ULP 2.1) Detected SW delay loop using empty loop. Recommend using a timer module instead
"../msp432_startup_ccs.c", line 192: remark #1527-D: (ULP 2.1) Detected SW delay loop using empty loop. Recommend using a timer module instead
"../msp432_startup_ccs.c", line 204: remark #1527-D: (ULP 2.1) Detected SW delay loop using empty loop. Recommend using a timer module instead
"..\utils.h", line 6: warning #1-D: last line of file ends without a newline
'Finished building: ../msp432_startup_ccs.c'
' '
'Building target: MSP432_Swarm_CCS.out'
'Invoking: MSP432 Linker'
"C:/ti/ccsv6/tools/compiler/ti-cgt-arm_5.2.2/bin/armcl" -mv7M4 --code_state=16 --float_support=FPv4SPD16 --abi=eabi -me --advice:power=all -g --gcc --define=__MSP432P401R__ --define=TARGET_IS_MSP432P4XX --define=ccs --display_error_number --diag_warning=225 --diag_wrap=off -z -m"MSP432_Swarm_CCS.map" --heap_size=1024 --stack_size=512 -i"C:/ti/ccsv6/ccs_base/arm/include" -i"C:/ti/ccsv6/tools/compiler/ti-cgt-arm_5.2.2/lib" -i"C:/ti/ccsv6/tools/compiler/ti-cgt-arm_5.2.2/include" --reread_libs --warn_sections --display_error_number --diag_wrap=off --xml_link_info="MSP432_Swarm_CCS_linkInfo.xml" --rom_model -o "MSP432_Swarm_CCS.out" "./main.obj" "./msp432_startup_ccs.obj" "./UART/UART_A0.obj" "./IMU/I2Cdev.obj" "./IMU/MPU6050.obj" "../msp432p401r.cmd"  -l"libc.a" 
<Linking>
remark #10371-D: (ULP 1.1) Detected no uses of low power mode state changing instructions
warning #10247-D: creating output section ".init_array" without a SECTIONS specification
'Finished building target: MSP432_Swarm_CCS.out'
' '

**** Build Finished ****
